<?xml version="1.0" encoding="UTF-8"?>
<robot generator="Robot 6.1.1 (Python 3.9.5 on win32)" generated="20250825 23:17:31.844" rpa="false" schemaversion="4">
<suite id="s1" name="Shop" source="D:\mobile\RobotFramework\ShopTest\shop.robot">
<kw name="Open Browser To Shop" type="SETUP">
<kw name="Open Browser" library="SeleniumLibrary">
<arg>${BASE_URL}</arg>
<arg>${BROWSER}</arg>
<doc>Opens a new browser instance to the optional ``url``.</doc>
<msg timestamp="20250825 23:17:32.125" level="INFO">Opening browser 'Chrome' to base url 'https://practice-react.sdetunicorns.com/'.</msg>
<status status="PASS" starttime="20250825 23:17:32.125" endtime="20250825 23:17:38.207"/>
</kw>
<kw name="Maximize Browser Window" library="SeleniumLibrary">
<doc>Maximizes current browser window.</doc>
<status status="PASS" starttime="20250825 23:17:38.208" endtime="20250825 23:17:38.250"/>
</kw>
<status status="PASS" starttime="20250825 23:17:32.124" endtime="20250825 23:17:38.250"/>
</kw>
<test id="s1-t1" name="User Can Sign Up New User Account" line="20">
<kw name="Sign Up Template">
<arg>Admin</arg>
<arg>Admin1234</arg>
<arg>digital.testing88@gmail.com</arg>
<arg>female</arg>
<arg>Giza</arg>
<arg>0101182335</arg>
<arg>SHOP</arg>
<arg>Congratulations Your account has been created</arg>
<kw name="Click Profile Icon" library="header">
<kw name="Click Element" library="SeleniumLibrary">
<arg>${PROFILE_ICON}</arg>
<doc>Click the element identified by ``locator``.</doc>
<msg timestamp="20250825 23:17:38.254" level="INFO">Clicking element 'css=button.account-setting-active'.</msg>
<status status="PASS" starttime="20250825 23:17:38.253" endtime="20250825 23:17:38.406"/>
</kw>
<status status="PASS" starttime="20250825 23:17:38.253" endtime="20250825 23:17:38.408"/>
</kw>
<kw name="Click Register Button in Header" library="header">
<msg timestamp="20250825 23:17:38.408" level="FAIL">User keyword cannot be empty.</msg>
<status status="FAIL" starttime="20250825 23:17:38.408" endtime="20250825 23:17:38.408"/>
</kw>
<kw name="Enter Username" library="register">
<arg>${userName}</arg>
<status status="NOT RUN" starttime="20250825 23:17:38.409" endtime="20250825 23:17:38.409"/>
</kw>
<kw name="Enter Password">
<arg>${password}</arg>
<status status="NOT RUN" starttime="20250825 23:17:38.409" endtime="20250825 23:17:38.409"/>
</kw>
<kw name="Enter Email">
<arg>${email}</arg>
<status status="NOT RUN" starttime="20250825 23:17:38.409" endtime="20250825 23:17:38.409"/>
</kw>
<kw name="Select Gender" library="register">
<arg>${gender}</arg>
<status status="NOT RUN" starttime="20250825 23:17:38.409" endtime="20250825 23:17:38.410"/>
</kw>
<kw name="Enter First Address" library="register">
<arg>${FIRST_ADDRESS}</arg>
<status status="NOT RUN" starttime="20250825 23:17:38.410" endtime="20250825 23:17:38.410"/>
</kw>
<kw name="Enter Second Address" library="register">
<arg>${SECOND_ADDRESS}</arg>
<status status="NOT RUN" starttime="20250825 23:17:38.410" endtime="20250825 23:17:38.410"/>
</kw>
<kw name="Enter Contact Number" library="register">
<arg>${contact}</arg>
<status status="NOT RUN" starttime="20250825 23:17:38.410" endtime="20250825 23:17:38.410"/>
</kw>
<kw name="Click Register Button" library="register">
<status status="NOT RUN" starttime="20250825 23:17:38.410" endtime="20250825 23:17:38.410"/>
</kw>
<kw name="Verify Products Page Title">
<arg>${products}</arg>
<status status="NOT RUN" starttime="20250825 23:17:38.418" endtime="20250825 23:17:38.419"/>
</kw>
<kw name="Verify Toast Message">
<arg>${successMessage}</arg>
<status status="NOT RUN" starttime="20250825 23:17:38.428" endtime="20250825 23:17:38.428"/>
</kw>
<kw name="Click Profile Icon" library="header">
<status status="NOT RUN" starttime="20250825 23:17:38.429" endtime="20250825 23:17:38.429"/>
</kw>
<kw name="Click Logout Button" library="header">
<status status="NOT RUN" starttime="20250825 23:17:38.429" endtime="20250825 23:17:38.429"/>
</kw>
<status status="FAIL" starttime="20250825 23:17:38.252" endtime="20250825 23:17:38.429"/>
</kw>
<status status="FAIL" starttime="20250825 23:17:38.251" endtime="20250825 23:17:38.430">User keyword cannot be empty.</status>
</test>
<test id="s1-t2" name="Verify Two Products Are Purchased Successfully" line="24">
<kw name="Purchase Products Template">
<arg>regression.testing08@gmail.com</arg>
<arg>Heb@@2022</arg>
<arg>keyboard</arg>
<arg>laptop</arg>
<arg>Wireless Keyboard</arg>
<arg>Chromebook</arg>
<arg>33</arg>
<arg>700</arg>
<arg>733</arg>
<arg>Added To Cart</arg>
<arg>Giza</arg>
<arg>Algeria</arg>
<arg>Adrar</arg>
<arg>78965223</arg>
<arg>02</arg>
<kw name="Click Profile Icon" library="header">
<kw name="Click Element" library="SeleniumLibrary">
<arg>${PROFILE_ICON}</arg>
<doc>Click the element identified by ``locator``.</doc>
<msg timestamp="20250825 23:17:38.438" level="INFO">Clicking element 'css=button.account-setting-active'.</msg>
<status status="PASS" starttime="20250825 23:17:38.435" endtime="20250825 23:17:38.520"/>
</kw>
<status status="PASS" starttime="20250825 23:17:38.433" endtime="20250825 23:17:38.520"/>
</kw>
<kw name="Click Login Button" library="header">
<kw name="Click Element" library="SeleniumLibrary">
<arg>${LOGIN_BTN}</arg>
<doc>Click the element identified by ``locator``.</doc>
<msg timestamp="20250825 23:17:38.521" level="INFO">Clicking element 'css=button[class='w-100 my-3 submit-btn']'.</msg>
<msg timestamp="20250825 23:17:38.769" level="INFO" html="true">&lt;/td&gt;&lt;/tr&gt;&lt;tr&gt;&lt;td colspan="3"&gt;&lt;a href="selenium-screenshot-7.png"&gt;&lt;img src="selenium-screenshot-7.png" width="800px"&gt;&lt;/a&gt;</msg>
<msg timestamp="20250825 23:17:38.769" level="FAIL">Element with locator 'css=button[class='w-100 my-3 submit-btn']' not found.</msg>
<status status="FAIL" starttime="20250825 23:17:38.521" endtime="20250825 23:17:38.772"/>
</kw>
<status status="FAIL" starttime="20250825 23:17:38.521" endtime="20250825 23:17:38.772"/>
</kw>
<kw name="Enter Login Email">
<arg>${email}</arg>
<status status="NOT RUN" starttime="20250825 23:17:38.778" endtime="20250825 23:17:38.778"/>
</kw>
<kw name="Enter Login Password">
<arg>${password}</arg>
<status status="NOT RUN" starttime="20250825 23:17:38.781" endtime="20250825 23:17:38.782"/>
</kw>
<kw name="Click Login" library="LoginPage">
<status status="NOT RUN" starttime="20250825 23:17:38.782" endtime="20250825 23:17:38.782"/>
</kw>
<kw name="Click Profile Icon" library="header">
<status status="NOT RUN" starttime="20250825 23:17:38.782" endtime="20250825 23:17:38.782"/>
</kw>
<kw name="Logout Button Should Be Visible" library="header">
<status status="NOT RUN" starttime="20250825 23:17:38.782" endtime="20250825 23:17:38.782"/>
</kw>
<kw name="Click Products Tab" library="header">
<status status="NOT RUN" starttime="20250825 23:17:38.782" endtime="20250825 23:17:38.782"/>
</kw>
<kw name="Select Category" library="Products">
<arg>${keyboard}</arg>
<status status="NOT RUN" starttime="20250825 23:17:38.784" endtime="20250825 23:17:38.784"/>
</kw>
<kw name="Click Apply" library="Products">
<status status="NOT RUN" starttime="20250825 23:17:38.784" endtime="20250825 23:17:38.784"/>
</kw>
<kw name="Verify Product Name" library="Products">
<arg>${keyboardModel}</arg>
<status status="NOT RUN" starttime="20250825 23:17:38.784" endtime="20250825 23:17:38.784"/>
</kw>
<kw name="Select Category" library="Products">
<arg>${laptop}</arg>
<status status="NOT RUN" starttime="20250825 23:17:38.785" endtime="20250825 23:17:38.785"/>
</kw>
<kw name="Click Apply" library="Products">
<status status="NOT RUN" starttime="20250825 23:17:38.785" endtime="20250825 23:17:38.785"/>
</kw>
<kw name="Open Product" library="Products">
<arg>${keyboardModel}</arg>
<status status="NOT RUN" starttime="20250825 23:17:38.785" endtime="20250825 23:17:38.785"/>
</kw>
<kw name="Verify Product Name" library="Products">
<arg>${keyboardModel}</arg>
<status status="NOT RUN" starttime="20250825 23:17:38.785" endtime="20250825 23:17:38.785"/>
</kw>
<kw name="Verify Product Price" library="Products">
<arg>${kPrice}</arg>
<status status="NOT RUN" starttime="20250825 23:17:38.785" endtime="20250825 23:17:38.785"/>
</kw>
<kw name="Cart Count Should Be">
<arg>0</arg>
<status status="NOT RUN" starttime="20250825 23:17:38.790" endtime="20250825 23:17:38.790"/>
</kw>
<kw name="Click Add To Cart" library="Products">
<status status="NOT RUN" starttime="20250825 23:17:38.790" endtime="20250825 23:17:38.790"/>
</kw>
<kw name="Cart Count Should Be">
<arg>1</arg>
<status status="NOT RUN" starttime="20250825 23:17:38.794" endtime="20250825 23:17:38.794"/>
</kw>
<kw name="Verify Toast Message">
<arg>${message}</arg>
<status status="NOT RUN" starttime="20250825 23:17:38.798" endtime="20250825 23:17:38.799"/>
</kw>
<kw name="Click Products Tab" library="header">
<status status="NOT RUN" starttime="20250825 23:17:38.799" endtime="20250825 23:17:38.799"/>
</kw>
<kw name="Select Category" library="Products">
<arg>${laptop}</arg>
<status status="NOT RUN" starttime="20250825 23:17:38.799" endtime="20250825 23:17:38.799"/>
</kw>
<kw name="Click Apply" library="Products">
<status status="NOT RUN" starttime="20250825 23:17:38.799" endtime="20250825 23:17:38.799"/>
</kw>
<kw name="Open Product" library="Products">
<arg>${laptopModel}</arg>
<status status="NOT RUN" starttime="20250825 23:17:38.799" endtime="20250825 23:17:38.799"/>
</kw>
<kw name="Click Add To Cart" library="Products">
<status status="NOT RUN" starttime="20250825 23:17:38.799" endtime="20250825 23:17:38.799"/>
</kw>
<kw name="Cart Count Should Be">
<arg>2</arg>
<status status="NOT RUN" starttime="20250825 23:17:38.805" endtime="20250825 23:17:38.805"/>
</kw>
<kw name="Click Cart Icon" library="header">
<status status="NOT RUN" starttime="20250825 23:17:38.805" endtime="20250825 23:17:38.805"/>
</kw>
<kw name="Click View Cart" library="header">
<status status="NOT RUN" starttime="20250825 23:17:38.805" endtime="20250825 23:17:38.805"/>
</kw>
<kw name="Verify Product In Cart">
<arg>${keyboardModel}</arg>
<arg>${kPrice}</arg>
<status status="NOT RUN" starttime="20250825 23:17:38.809" endtime="20250825 23:17:38.810"/>
</kw>
<kw name="Verify Product In Cart">
<arg>${laptopModel}</arg>
<arg>${lPrice}</arg>
<status status="NOT RUN" starttime="20250825 23:17:38.813" endtime="20250825 23:17:38.814"/>
</kw>
<kw name="Click Checkout" library="cart">
<status status="NOT RUN" starttime="20250825 23:17:38.814" endtime="20250825 23:17:38.814"/>
</kw>
<kw name="Enter Shipping Address" library="cart">
<arg>${address}</arg>
<status status="NOT RUN" starttime="20250825 23:17:38.814" endtime="20250825 23:17:38.814"/>
</kw>
<kw name="Select Country" library="cart">
<arg>${country}</arg>
<status status="NOT RUN" starttime="20250825 23:17:38.814" endtime="20250825 23:17:38.814"/>
</kw>
<kw name="Select Region" library="cart">
<arg>${region}</arg>
<status status="NOT RUN" starttime="20250825 23:17:38.814" endtime="20250825 23:17:38.814"/>
</kw>
<kw name="Enter Phone And Postal" library="cart">
<arg>${phone}</arg>
<arg>${code}</arg>
<status status="NOT RUN" starttime="20250825 23:17:38.814" endtime="20250825 23:17:38.815"/>
</kw>
<kw name="Click Cash On Delivery" library="cart">
<status status="NOT RUN" starttime="20250825 23:17:38.815" endtime="20250825 23:17:38.815"/>
</kw>
<kw name="Click Confirm" library="cart">
<status status="NOT RUN" starttime="20250825 23:17:38.815" endtime="20250825 23:17:38.815"/>
</kw>
<kw name="Click Order" library="order">
<status status="NOT RUN" starttime="20250825 23:17:38.815" endtime="20250825 23:17:38.815"/>
</kw>
<status status="FAIL" starttime="20250825 23:17:38.431" endtime="20250825 23:17:38.815"/>
</kw>
<status status="FAIL" starttime="20250825 23:17:38.431" endtime="20250825 23:17:38.816">Element with locator 'css=button[class='w-100 my-3 submit-btn']' not found.</status>
</test>
<kw name="Close Browser" library="SeleniumLibrary" type="TEARDOWN">
<doc>Closes the current browser.</doc>
<status status="PASS" starttime="20250825 23:17:38.820" endtime="20250825 23:17:41.066"/>
</kw>
<status status="FAIL" starttime="20250825 23:17:31.846" endtime="20250825 23:17:41.066"/>
</suite>
<statistics>
<total>
<stat pass="0" fail="2" skip="0">All Tests</stat>
</total>
<tag>
</tag>
<suite>
<stat pass="0" fail="2" skip="0" id="s1" name="Shop">Shop</stat>
</suite>
</statistics>
<errors>
<msg timestamp="20250825 23:17:32.091" level="ERROR">Error in file 'D:\mobile\RobotFramework\ShopTest\resources\pages\header.robot' on line 18: Creating keyword 'Click Register Button in Header' failed: User keyword cannot be empty.</msg>
</errors>
</robot>
