<?xml version="1.0" encoding="UTF-8"?>
<robot generator="Robot 6.1.1 (Python 3.9.5 on win32)" generated="20250916 12:42:05.812" rpa="false" schemaversion="4">
<suite id="s1" name="Shop" source="D:\mobile\RobotFramework\ShopTest\shop.robot">
<test id="s1-t1" name="User Can Sign Up New User Account" line="16">
<kw name="Open Browser" library="SeleniumLibrary" type="SETUP">
<arg>${BASE_URL}</arg>
<arg>${BROWSER}</arg>
<doc>Opens a new browser instance to the optional ``url``.</doc>
<msg timestamp="20250916 12:42:06.219" level="INFO">Opening browser 'Chrome' to base url 'https://practice-react.sdetunicorns.com/'.</msg>
<status status="PASS" starttime="20250916 12:42:06.204" endtime="20250916 12:42:17.438"/>
</kw>
<kw name="Sign Up Template">
<arg>Admin</arg>
<arg>Admn@123</arg>
<arg>digital.testing1206@gmail.com</arg>
<arg>female</arg>
<arg>Giza</arg>
<arg>Zayed</arg>
<arg>0101182335</arg>
<arg>Congratulations Your account has been created</arg>
<kw name="Open Browser" library="SeleniumLibrary">
<arg>${BASE_URL}</arg>
<arg>${BROWSER}</arg>
<doc>Opens a new browser instance to the optional ``url``.</doc>
<msg timestamp="20250916 12:42:17.440" level="INFO">Opening browser 'Chrome' to base url 'https://practice-react.sdetunicorns.com/'.</msg>
<status status="PASS" starttime="20250916 12:42:17.440" endtime="20250916 12:42:22.040"/>
</kw>
<kw name="Click Profile Icon" library="header">
<kw name="Wait Until Element Is Visible" library="SeleniumLibrary">
<arg>${PROFILE_ICON}</arg>
<doc>Waits until the element ``locator`` is visible.</doc>
<status status="PASS" starttime="20250916 12:42:22.045" endtime="20250916 12:42:24.654"/>
</kw>
<kw name="Click Element" library="SeleniumLibrary">
<arg>${PROFILE_ICON}</arg>
<doc>Click the element identified by ``locator``.</doc>
<msg timestamp="20250916 12:42:24.654" level="INFO">Clicking element 'css:.account-setting-active'.</msg>
<status status="PASS" starttime="20250916 12:42:24.654" endtime="20250916 12:42:24.759"/>
</kw>
<status status="PASS" starttime="20250916 12:42:22.041" endtime="20250916 12:42:24.759"/>
</kw>
<kw name="Click Register Button in Header" library="header">
<kw name="Wait Until Element Is Visible" library="SeleniumLibrary">
<arg>${REGISTER_BTN_HEADER}</arg>
<arg>30s</arg>
<doc>Waits until the element ``locator`` is visible.</doc>
<status status="PASS" starttime="20250916 12:42:24.759" endtime="20250916 12:42:24.792"/>
</kw>
<kw name="Click Element" library="SeleniumLibrary">
<arg>${REGISTER_BTN_HEADER}</arg>
<doc>Click the element identified by ``locator``.</doc>
<msg timestamp="20250916 12:42:24.794" level="INFO">Clicking element 'css:a[href="/register"]'.</msg>
<status status="PASS" starttime="20250916 12:42:24.792" endtime="20250916 12:42:24.917"/>
</kw>
<status status="PASS" starttime="20250916 12:42:24.759" endtime="20250916 12:42:24.917"/>
</kw>
<kw name="Enter Username" library="register">
<arg>${userName}</arg>
<kw name="Wait Until Element Is Visible" library="SeleniumLibrary">
<arg>${USERNAME_INPUT}</arg>
<arg>30</arg>
<doc>Waits until the element ``locator`` is visible.</doc>
<status status="PASS" starttime="20250916 12:42:24.917" endtime="20250916 12:42:25.168"/>
</kw>
<kw name="Input Text" library="SeleniumLibrary">
<arg>${USERNAME_INPUT}</arg>
<arg>${username}</arg>
<doc>Types the given ``text`` into the text field identified by ``locator``.</doc>
<msg timestamp="20250916 12:42:25.169" level="INFO">Typing text 'Admin' into text field 'xpath://input[@id='username']'.</msg>
<status status="PASS" starttime="20250916 12:42:25.169" endtime="20250916 12:42:25.345"/>
</kw>
<status status="PASS" starttime="20250916 12:42:24.917" endtime="20250916 12:42:25.345"/>
</kw>
<kw name="Enter Password" library="register">
<arg>${password}</arg>
<kw name="Wait Until Element Is Visible" library="SeleniumLibrary">
<arg>${PASSWORD_INPUT}</arg>
<arg>30</arg>
<doc>Waits until the element ``locator`` is visible.</doc>
<status status="PASS" starttime="20250916 12:42:25.345" endtime="20250916 12:42:25.378"/>
</kw>
<kw name="Input Text" library="SeleniumLibrary">
<arg>${PASSWORD_INPUT}</arg>
<arg>${password}</arg>
<doc>Types the given ``text`` into the text field identified by ``locator``.</doc>
<msg timestamp="20250916 12:42:25.378" level="INFO">Typing text 'Admn@123' into text field 'css:input[id='password']'.</msg>
<status status="PASS" starttime="20250916 12:42:25.378" endtime="20250916 12:42:26.067"/>
</kw>
<status status="PASS" starttime="20250916 12:42:25.345" endtime="20250916 12:42:26.067"/>
</kw>
<kw name="Enter Email" library="register">
<arg>${email}</arg>
<kw name="Wait Until Element Is Visible" library="SeleniumLibrary">
<arg>${EMAIL_INPUT}</arg>
<arg>30</arg>
<doc>Waits until the element ``locator`` is visible.</doc>
<status status="PASS" starttime="20250916 12:42:26.069" endtime="20250916 12:42:26.232"/>
</kw>
<kw name="Input Text" library="SeleniumLibrary">
<arg>${EMAIL_INPUT}</arg>
<arg>${email}</arg>
<doc>Types the given ``text`` into the text field identified by ``locator``.</doc>
<msg timestamp="20250916 12:42:26.233" level="INFO">Typing text 'digital.testing1206@gmail.com' into text field 'css:input[name='email']'.</msg>
<status status="PASS" starttime="20250916 12:42:26.232" endtime="20250916 12:42:26.555"/>
</kw>
<status status="PASS" starttime="20250916 12:42:26.067" endtime="20250916 12:42:26.556"/>
</kw>
<kw name="Select Gender" library="register">
<arg>${gender}</arg>
<kw name="Select From List By Value" library="SeleniumLibrary">
<arg>${GENDER_SELECT}</arg>
<arg>${gender}</arg>
<doc>Selects options from selection list ``locator`` by ``values``.</doc>
<msg timestamp="20250916 12:42:26.558" level="INFO">Selecting options from selection list 'css:select[id='gender']' by value female.</msg>
<status status="PASS" starttime="20250916 12:42:26.557" endtime="20250916 12:42:26.781"/>
</kw>
<status status="PASS" starttime="20250916 12:42:26.556" endtime="20250916 12:42:26.781"/>
</kw>
<kw name="Enter First Address" library="register">
<arg>${address1}</arg>
<kw name="Input Text" library="SeleniumLibrary">
<arg>${FIRST_ADDRESS}</arg>
<arg>${address}</arg>
<doc>Types the given ``text`` into the text field identified by ``locator``.</doc>
<msg timestamp="20250916 12:42:26.782" level="INFO">Typing text 'Giza' into text field 'css:input[id='address1']'.</msg>
<status status="PASS" starttime="20250916 12:42:26.782" endtime="20250916 12:42:27.081"/>
</kw>
<status status="PASS" starttime="20250916 12:42:26.781" endtime="20250916 12:42:27.081"/>
</kw>
<kw name="Enter Second Address" library="register">
<arg>${address2}</arg>
<kw name="Input Text" library="SeleniumLibrary">
<arg>${SECOND_ADDRESS}</arg>
<arg>${address}</arg>
<doc>Types the given ``text`` into the text field identified by ``locator``.</doc>
<msg timestamp="20250916 12:42:27.086" level="INFO">Typing text 'Zayed' into text field 'css:input[id='address2']'.</msg>
<status status="PASS" starttime="20250916 12:42:27.081" endtime="20250916 12:42:27.364"/>
</kw>
<status status="PASS" starttime="20250916 12:42:27.081" endtime="20250916 12:42:27.364"/>
</kw>
<kw name="Enter Contact Number" library="register">
<arg>${contact}</arg>
<kw name="Input Text" library="SeleniumLibrary">
<arg>${CONTACT_INPUT}</arg>
<arg>${contact}</arg>
<doc>Types the given ``text`` into the text field identified by ``locator``.</doc>
<msg timestamp="20250916 12:42:27.367" level="INFO">Typing text '0101182335' into text field 'css:input[id='contact']'.</msg>
<status status="PASS" starttime="20250916 12:42:27.365" endtime="20250916 12:42:27.599"/>
</kw>
<status status="PASS" starttime="20250916 12:42:27.365" endtime="20250916 12:42:27.599"/>
</kw>
<kw name="Click Register Button" library="register">
<kw name="Click Element" library="SeleniumLibrary">
<arg>${REGISTER_BUTTON}</arg>
<doc>Click the element identified by ``locator``.</doc>
<msg timestamp="20250916 12:42:27.599" level="INFO">Clicking element 'css:button.w-100.submit-btn.my-3'.</msg>
<status status="PASS" starttime="20250916 12:42:27.599" endtime="20250916 12:42:27.799"/>
</kw>
<status status="PASS" starttime="20250916 12:42:27.599" endtime="20250916 12:42:27.799"/>
</kw>
<kw name="Verify Toast Message for registration" library="register">
<arg>${successMessage}</arg>
<kw name="Wait Until Element Is Visible" library="SeleniumLibrary">
<arg>${SUCCESS_MESSAGE}</arg>
<doc>Waits until the element ``locator`` is visible.</doc>
<status status="PASS" starttime="20250916 12:42:27.799" endtime="20250916 12:42:28.610"/>
</kw>
<kw name="Element Text Should Be" library="SeleniumLibrary">
<arg>${SUCCESS_MESSAGE}</arg>
<arg>${message}</arg>
<doc>Verifies that element ``locator`` contains exact the text ``expected``.</doc>
<msg timestamp="20250916 12:42:28.618" level="INFO">Verifying element 'css:div[class='react-toast-notifications__toast__content css-1ad3zal']' contains exact text 'Congratulations Your account has been created'.</msg>
<msg timestamp="20250916 12:42:28.865" level="INFO" html="true">&lt;/td&gt;&lt;/tr&gt;&lt;tr&gt;&lt;td colspan="3"&gt;&lt;a href="selenium-screenshot-4.png"&gt;&lt;img src="selenium-screenshot-4.png" width="800px"&gt;&lt;/a&gt;</msg>
<msg timestamp="20250916 12:42:28.865" level="FAIL">The text of element 'css:div[class='react-toast-notifications__toast__content css-1ad3zal']' should have been 'Congratulations Your account has been created' but it was 'Cannot create account'.</msg>
<status status="FAIL" starttime="20250916 12:42:28.610" endtime="20250916 12:42:28.869"/>
</kw>
<status status="FAIL" starttime="20250916 12:42:27.799" endtime="20250916 12:42:28.870"/>
</kw>
<status status="FAIL" starttime="20250916 12:42:17.438" endtime="20250916 12:42:28.870"/>
</kw>
<kw name="Close Browser" library="SeleniumLibrary" type="TEARDOWN">
<doc>Closes the current browser.</doc>
<status status="PASS" starttime="20250916 12:42:28.872" endtime="20250916 12:42:33.710"/>
</kw>
<status status="FAIL" starttime="20250916 12:42:06.204" endtime="20250916 12:42:33.710">The text of element 'css:div[class='react-toast-notifications__toast__content css-1ad3zal']' should have been 'Congratulations Your account has been created' but it was 'Cannot create account'.</status>
</test>
<test id="s1-t2" name="Verify Two Products Are Purchased Successfully" line="20">
<kw name="Open Browser" library="SeleniumLibrary" type="SETUP">
<arg>${BASE_URL}</arg>
<arg>${BROWSER}</arg>
<doc>Opens a new browser instance to the optional ``url``.</doc>
<msg timestamp="20250916 12:42:33.714" level="INFO">Opening browser 'Chrome' to base url 'https://practice-react.sdetunicorns.com/'.</msg>
<status status="PASS" starttime="20250916 12:42:33.714" endtime="20250916 12:42:45.952"/>
</kw>
<kw name="Purchase Products Template">
<arg>digital.testing1206@gmail.com</arg>
<arg>Admn@123</arg>
<arg>keyboard</arg>
<arg>Wireless Keyboard</arg>
<arg>Chromebook</arg>
<arg>33</arg>
<kw name="Click Profile Icon" library="header">
<kw name="Wait Until Element Is Visible" library="SeleniumLibrary">
<arg>${PROFILE_ICON}</arg>
<doc>Waits until the element ``locator`` is visible.</doc>
<status status="PASS" starttime="20250916 12:42:45.968" endtime="20250916 12:42:46.049"/>
</kw>
<kw name="Click Element" library="SeleniumLibrary">
<arg>${PROFILE_ICON}</arg>
<doc>Click the element identified by ``locator``.</doc>
<msg timestamp="20250916 12:42:46.049" level="INFO">Clicking element 'css:.account-setting-active'.</msg>
<status status="PASS" starttime="20250916 12:42:46.049" endtime="20250916 12:42:46.264"/>
</kw>
<status status="PASS" starttime="20250916 12:42:45.967" endtime="20250916 12:42:46.264"/>
</kw>
<kw name="Click Login Button" library="header">
<kw name="Wait Until Element Is Visible" library="SeleniumLibrary">
<arg>${LOGIN_BTN}</arg>
<doc>Waits until the element ``locator`` is visible.</doc>
<status status="PASS" starttime="20250916 12:42:46.264" endtime="20250916 12:42:46.340"/>
</kw>
<kw name="Click Element" library="SeleniumLibrary">
<arg>${LOGIN_BTN}</arg>
<doc>Click the element identified by ``locator``.</doc>
<msg timestamp="20250916 12:42:46.342" level="INFO">Clicking element 'css:a[href='/login']'.</msg>
<status status="PASS" starttime="20250916 12:42:46.342" endtime="20250916 12:42:46.494"/>
</kw>
<status status="PASS" starttime="20250916 12:42:46.264" endtime="20250916 12:42:46.494"/>
</kw>
<kw name="Enter Login Email" library="LoginPage">
<arg>${email}</arg>
<kw name="Wait Until Element Is Visible" library="SeleniumLibrary">
<arg>${EMAIL_INPUT}</arg>
<doc>Waits until the element ``locator`` is visible.</doc>
<status status="PASS" starttime="20250916 12:42:46.495" endtime="20250916 12:42:46.763"/>
</kw>
<kw name="Input Text" library="SeleniumLibrary">
<arg>${EMAIL_INPUT}</arg>
<arg>${email}</arg>
<doc>Types the given ``text`` into the text field identified by ``locator``.</doc>
<msg timestamp="20250916 12:42:46.764" level="INFO">Typing text 'digital.testing1206@gmail.com' into text field 'css:input[name='email']'.</msg>
<status status="PASS" starttime="20250916 12:42:46.763" endtime="20250916 12:42:47.043"/>
</kw>
<status status="PASS" starttime="20250916 12:42:46.495" endtime="20250916 12:42:47.043"/>
</kw>
<kw name="Enter Login Password" library="LoginPage">
<arg>${password}</arg>
<kw name="Input Text" library="SeleniumLibrary">
<arg>${PASSWORD_INPUT}</arg>
<arg>${password}</arg>
<doc>Types the given ``text`` into the text field identified by ``locator``.</doc>
<msg timestamp="20250916 12:42:47.045" level="INFO">Typing text 'Admn@123' into text field 'css:input[id='password']'.</msg>
<status status="PASS" starttime="20250916 12:42:47.044" endtime="20250916 12:42:47.226"/>
</kw>
<status status="PASS" starttime="20250916 12:42:47.043" endtime="20250916 12:42:47.226"/>
</kw>
<kw name="Click Login in login page" library="LoginPage">
<kw name="Click Element" library="SeleniumLibrary">
<arg>${LOGIN_BUTTON}</arg>
<doc>Click the element identified by ``locator``.</doc>
<msg timestamp="20250916 12:42:47.226" level="INFO">Clicking element 'css:button[class='w-100 my-3 submit-btn']'.</msg>
<status status="PASS" starttime="20250916 12:42:47.226" endtime="20250916 12:42:47.372"/>
</kw>
<status status="PASS" starttime="20250916 12:42:47.226" endtime="20250916 12:42:47.372"/>
</kw>
<kw name="Click Profile Icon" library="header">
<kw name="Wait Until Element Is Visible" library="SeleniumLibrary">
<arg>${PROFILE_ICON}</arg>
<doc>Waits until the element ``locator`` is visible.</doc>
<status status="PASS" starttime="20250916 12:42:47.372" endtime="20250916 12:42:48.052"/>
</kw>
<kw name="Click Element" library="SeleniumLibrary">
<arg>${PROFILE_ICON}</arg>
<doc>Click the element identified by ``locator``.</doc>
<msg timestamp="20250916 12:42:48.064" level="INFO">Clicking element 'css:.account-setting-active'.</msg>
<status status="PASS" starttime="20250916 12:42:48.052" endtime="20250916 12:42:48.192"/>
</kw>
<status status="PASS" starttime="20250916 12:42:47.372" endtime="20250916 12:42:48.192"/>
</kw>
<kw name="Logout Button Should Be Visible" library="header">
<kw name="Element Should Be Visible" library="SeleniumLibrary">
<arg>${LOGOUT_BTN}</arg>
<doc>Verifies that the element identified by ``locator`` is visible.</doc>
<msg timestamp="20250916 12:42:48.232" level="INFO">Element 'xpath://div[@class='account-dropdown active']//li[contains(text(),'Logout')]' is displayed.</msg>
<status status="PASS" starttime="20250916 12:42:48.193" endtime="20250916 12:42:48.232"/>
</kw>
<status status="PASS" starttime="20250916 12:42:48.192" endtime="20250916 12:42:48.232"/>
</kw>
<kw name="Click Products Tab" library="header">
<kw name="Wait Until Element Is Visible" library="SeleniumLibrary">
<arg>${PRODUCTS_TAB}</arg>
<arg>50</arg>
<doc>Waits until the element ``locator`` is visible.</doc>
<status status="PASS" starttime="20250916 12:42:48.232" endtime="20250916 12:42:48.272"/>
</kw>
<kw name="Click Element" library="SeleniumLibrary">
<arg>${PRODUCTS_TAB}</arg>
<doc>Click the element identified by ``locator``.</doc>
<msg timestamp="20250916 12:42:48.272" level="INFO">Clicking element 'css:a[href='/shop-grid-standard']'.</msg>
<status status="PASS" starttime="20250916 12:42:48.272" endtime="20250916 12:42:48.416"/>
</kw>
<status status="PASS" starttime="20250916 12:42:48.232" endtime="20250916 12:42:48.416"/>
</kw>
<kw name="Select Category" library="Products">
<arg>${keyboard}</arg>
<kw name="Click Element" library="SeleniumLibrary">
<arg>xpath://button[normalize-space()='${category}']</arg>
<doc>Click the element identified by ``locator``.</doc>
<msg timestamp="20250916 12:42:48.422" level="INFO">Clicking element 'xpath://button[normalize-space()='keyboard']'.</msg>
<status status="PASS" starttime="20250916 12:42:48.419" endtime="20250916 12:42:48.548"/>
</kw>
<status status="PASS" starttime="20250916 12:42:48.418" endtime="20250916 12:42:48.548"/>
</kw>
<kw name="Click Apply" library="Products">
<kw name="Click Element" library="SeleniumLibrary">
<arg>${APPLY_BTN}</arg>
<doc>Click the element identified by ``locator``.</doc>
<msg timestamp="20250916 12:42:48.552" level="INFO">Clicking element 'css:button[type='button']'.</msg>
<status status="PASS" starttime="20250916 12:42:48.550" endtime="20250916 12:42:48.794"/>
</kw>
<status status="PASS" starttime="20250916 12:42:48.548" endtime="20250916 12:42:48.794"/>
</kw>
<kw name="Open Product" library="Products">
<arg>${keyboardModel}</arg>
<kw name="Click Element" library="SeleniumLibrary">
<arg>xpath://a[contains(text(),'${productName}')]</arg>
<doc>Click the element identified by ``locator``.</doc>
<msg timestamp="20250916 12:42:48.795" level="INFO">Clicking element 'xpath://a[contains(text(),'Wireless Keyboard')]'.</msg>
<status status="PASS" starttime="20250916 12:42:48.795" endtime="20250916 12:42:49.038"/>
</kw>
<status status="PASS" starttime="20250916 12:42:48.794" endtime="20250916 12:42:49.039"/>
</kw>
<kw name="Verify Product Name" library="Products">
<arg>${keyboardModel}</arg>
<kw name="Wait Until Element Is Visible" library="SeleniumLibrary">
<arg>xpath://h2[contains(text(),'${productName}')]</arg>
<arg>40</arg>
<doc>Waits until the element ``locator`` is visible.</doc>
<status status="PASS" starttime="20250916 12:42:49.040" endtime="20250916 12:42:49.530"/>
</kw>
<status status="PASS" starttime="20250916 12:42:49.039" endtime="20250916 12:42:49.530"/>
</kw>
<kw name="Verify Product Price" library="Products">
<arg>${kPrice}</arg>
<kw name="Element Text Should Be" library="SeleniumLibrary">
<arg>${PRODUCT_PRICE}</arg>
<arg>$${price}</arg>
<doc>Verifies that element ``locator`` contains exact the text ``expected``.</doc>
<msg timestamp="20250916 12:42:49.534" level="INFO">Verifying element 'css:div[class='product-details-price'] span' contains exact text '$33'.</msg>
<status status="PASS" starttime="20250916 12:42:49.532" endtime="20250916 12:42:49.582"/>
</kw>
<status status="PASS" starttime="20250916 12:42:49.530" endtime="20250916 12:42:49.582"/>
</kw>
<status status="PASS" starttime="20250916 12:42:45.965" endtime="20250916 12:42:49.582"/>
</kw>
<kw name="Close Browser" library="SeleniumLibrary" type="TEARDOWN">
<doc>Closes the current browser.</doc>
<status status="PASS" starttime="20250916 12:42:49.582" endtime="20250916 12:42:52.292"/>
</kw>
<status status="PASS" starttime="20250916 12:42:33.712" endtime="20250916 12:42:52.292"/>
</test>
<test id="s1-t3" name="Verify User Can Add To Cart Successfully" line="24">
<kw name="Open Browser" library="SeleniumLibrary" type="SETUP">
<arg>${BASE_URL}</arg>
<arg>${BROWSER}</arg>
<doc>Opens a new browser instance to the optional ``url``.</doc>
<msg timestamp="20250916 12:42:52.296" level="INFO">Opening browser 'Chrome' to base url 'https://practice-react.sdetunicorns.com/'.</msg>
<status status="PASS" starttime="20250916 12:42:52.295" endtime="20250916 12:43:01.632"/>
</kw>
<kw name="Verify User Can Add To Cart">
<arg>digital.testing1206@gmail.com</arg>
<arg>Admn@123</arg>
<arg>keyboard</arg>
<arg>Wireless Keyboard</arg>
<arg>Added To Cart</arg>
<kw name="Click Profile Icon" library="header">
<kw name="Wait Until Element Is Visible" library="SeleniumLibrary">
<arg>${PROFILE_ICON}</arg>
<doc>Waits until the element ``locator`` is visible.</doc>
<status status="PASS" starttime="20250916 12:43:01.680" endtime="20250916 12:43:04.654"/>
</kw>
<kw name="Click Element" library="SeleniumLibrary">
<arg>${PROFILE_ICON}</arg>
<doc>Click the element identified by ``locator``.</doc>
<msg timestamp="20250916 12:43:04.654" level="INFO">Clicking element 'css:.account-setting-active'.</msg>
<status status="PASS" starttime="20250916 12:43:04.654" endtime="20250916 12:43:04.788"/>
</kw>
<status status="PASS" starttime="20250916 12:43:01.634" endtime="20250916 12:43:04.788"/>
</kw>
<kw name="Click Login Button" library="header">
<kw name="Wait Until Element Is Visible" library="SeleniumLibrary">
<arg>${LOGIN_BTN}</arg>
<doc>Waits until the element ``locator`` is visible.</doc>
<status status="PASS" starttime="20250916 12:43:04.788" endtime="20250916 12:43:04.828"/>
</kw>
<kw name="Click Element" library="SeleniumLibrary">
<arg>${LOGIN_BTN}</arg>
<doc>Click the element identified by ``locator``.</doc>
<msg timestamp="20250916 12:43:04.829" level="INFO">Clicking element 'css:a[href='/login']'.</msg>
<status status="PASS" starttime="20250916 12:43:04.828" endtime="20250916 12:43:04.986"/>
</kw>
<status status="PASS" starttime="20250916 12:43:04.788" endtime="20250916 12:43:04.986"/>
</kw>
<kw name="Enter Login Email" library="LoginPage">
<arg>${email}</arg>
<kw name="Wait Until Element Is Visible" library="SeleniumLibrary">
<arg>${EMAIL_INPUT}</arg>
<doc>Waits until the element ``locator`` is visible.</doc>
<status status="PASS" starttime="20250916 12:43:04.988" endtime="20250916 12:43:05.245"/>
</kw>
<kw name="Input Text" library="SeleniumLibrary">
<arg>${EMAIL_INPUT}</arg>
<arg>${email}</arg>
<doc>Types the given ``text`` into the text field identified by ``locator``.</doc>
<msg timestamp="20250916 12:43:05.246" level="INFO">Typing text 'digital.testing1206@gmail.com' into text field 'css:input[name='email']'.</msg>
<status status="PASS" starttime="20250916 12:43:05.245" endtime="20250916 12:43:05.506"/>
</kw>
<status status="PASS" starttime="20250916 12:43:04.987" endtime="20250916 12:43:05.506"/>
</kw>
<kw name="Enter Login Password" library="LoginPage">
<arg>${password}</arg>
<kw name="Input Text" library="SeleniumLibrary">
<arg>${PASSWORD_INPUT}</arg>
<arg>${password}</arg>
<doc>Types the given ``text`` into the text field identified by ``locator``.</doc>
<msg timestamp="20250916 12:43:05.509" level="INFO">Typing text 'Admn@123' into text field 'css:input[id='password']'.</msg>
<status status="PASS" starttime="20250916 12:43:05.508" endtime="20250916 12:43:05.669"/>
</kw>
<status status="PASS" starttime="20250916 12:43:05.507" endtime="20250916 12:43:05.670"/>
</kw>
<kw name="Click Login in login page" library="LoginPage">
<kw name="Click Element" library="SeleniumLibrary">
<arg>${LOGIN_BUTTON}</arg>
<doc>Click the element identified by ``locator``.</doc>
<msg timestamp="20250916 12:43:05.670" level="INFO">Clicking element 'css:button[class='w-100 my-3 submit-btn']'.</msg>
<status status="PASS" starttime="20250916 12:43:05.670" endtime="20250916 12:43:05.814"/>
</kw>
<status status="PASS" starttime="20250916 12:43:05.670" endtime="20250916 12:43:05.814"/>
</kw>
<kw name="Click Products Tab" library="header">
<kw name="Wait Until Element Is Visible" library="SeleniumLibrary">
<arg>${PRODUCTS_TAB}</arg>
<arg>50</arg>
<doc>Waits until the element ``locator`` is visible.</doc>
<status status="PASS" starttime="20250916 12:43:05.814" endtime="20250916 12:43:06.512"/>
</kw>
<kw name="Click Element" library="SeleniumLibrary">
<arg>${PRODUCTS_TAB}</arg>
<doc>Click the element identified by ``locator``.</doc>
<msg timestamp="20250916 12:43:06.516" level="INFO">Clicking element 'css:a[href='/shop-grid-standard']'.</msg>
<status status="PASS" starttime="20250916 12:43:06.512" endtime="20250916 12:43:06.642"/>
</kw>
<status status="PASS" starttime="20250916 12:43:05.814" endtime="20250916 12:43:06.642"/>
</kw>
<kw name="Select Category" library="Products">
<arg>${keyboard}</arg>
<kw name="Click Element" library="SeleniumLibrary">
<arg>xpath://button[normalize-space()='${category}']</arg>
<doc>Click the element identified by ``locator``.</doc>
<msg timestamp="20250916 12:43:06.642" level="INFO">Clicking element 'xpath://button[normalize-space()='keyboard']'.</msg>
<status status="PASS" starttime="20250916 12:43:06.642" endtime="20250916 12:43:06.764"/>
</kw>
<status status="PASS" starttime="20250916 12:43:06.642" endtime="20250916 12:43:06.764"/>
</kw>
<kw name="Click Apply" library="Products">
<kw name="Click Element" library="SeleniumLibrary">
<arg>${APPLY_BTN}</arg>
<doc>Click the element identified by ``locator``.</doc>
<msg timestamp="20250916 12:43:06.765" level="INFO">Clicking element 'css:button[type='button']'.</msg>
<status status="PASS" starttime="20250916 12:43:06.764" endtime="20250916 12:43:06.913"/>
</kw>
<status status="PASS" starttime="20250916 12:43:06.764" endtime="20250916 12:43:06.913"/>
</kw>
<kw name="Open Product" library="Products">
<arg>${keyboardModel}</arg>
<kw name="Click Element" library="SeleniumLibrary">
<arg>xpath://a[contains(text(),'${productName}')]</arg>
<doc>Click the element identified by ``locator``.</doc>
<msg timestamp="20250916 12:43:06.915" level="INFO">Clicking element 'xpath://a[contains(text(),'Wireless Keyboard')]'.</msg>
<status status="PASS" starttime="20250916 12:43:06.914" endtime="20250916 12:43:07.063"/>
</kw>
<status status="PASS" starttime="20250916 12:43:06.913" endtime="20250916 12:43:07.063"/>
</kw>
<kw name="Click Add To Cart" library="Products">
<kw name="Wait Until Element Is Visible" library="SeleniumLibrary">
<arg>${ADD_TO_CART_BTN}</arg>
<arg>30</arg>
<doc>Waits until the element ``locator`` is visible.</doc>
<status status="PASS" starttime="20250916 12:43:07.064" endtime="20250916 12:43:07.542"/>
</kw>
<kw name="Click Element" library="SeleniumLibrary">
<arg>${ADD_TO_CART_BTN}</arg>
<doc>Click the element identified by ``locator``.</doc>
<msg timestamp="20250916 12:43:07.544" level="INFO">Clicking element 'xpath://button[normalize-space()='Add To Cart']'.</msg>
<status status="PASS" starttime="20250916 12:43:07.543" endtime="20250916 12:43:07.673"/>
</kw>
<status status="PASS" starttime="20250916 12:43:07.063" endtime="20250916 12:43:07.673"/>
</kw>
<kw name="Verify Toast Message for add to cart" library="Products">
<arg>${message}</arg>
<kw name="Wait Until Element Is Visible" library="SeleniumLibrary">
<arg>${SUCCESS_MESSAGE}</arg>
<doc>Waits until the element ``locator`` is visible.</doc>
<status status="PASS" starttime="20250916 12:43:07.674" endtime="20250916 12:43:08.196"/>
</kw>
<kw name="Element Text Should Be" library="SeleniumLibrary">
<arg>${SUCCESS_MESSAGE}</arg>
<arg>${message}</arg>
<doc>Verifies that element ``locator`` contains exact the text ``expected``.</doc>
<msg timestamp="20250916 12:43:08.200" level="INFO">Verifying element 'css:div[class='react-toast-notifications__toast__content css-1ad3zal']' contains exact text 'Added To Cart'.</msg>
<status status="PASS" starttime="20250916 12:43:08.198" endtime="20250916 12:43:08.232"/>
</kw>
<status status="PASS" starttime="20250916 12:43:07.673" endtime="20250916 12:43:08.232"/>
</kw>
<kw name="Cart Count Should Be one" library="header">
<kw name="Wait Until Element Is Visible" library="SeleniumLibrary">
<arg>${CART_COUNT}</arg>
<doc>Waits until the element ``locator`` is visible.</doc>
<status status="PASS" starttime="20250916 12:43:08.233" endtime="20250916 12:43:08.267"/>
</kw>
<kw name="Element Text Should Be" library="SeleniumLibrary">
<arg>${CART_COUNT}</arg>
<arg>1</arg>
<doc>Verifies that element ``locator`` contains exact the text ``expected``.</doc>
<msg timestamp="20250916 12:43:08.268" level="INFO">Verifying element 'xpath://button[@class='icon-cart']/span[@class='count-style']' contains exact text '1'.</msg>
<status status="PASS" starttime="20250916 12:43:08.268" endtime="20250916 12:43:08.292"/>
</kw>
<status status="PASS" starttime="20250916 12:43:08.232" endtime="20250916 12:43:08.292"/>
</kw>
<status status="PASS" starttime="20250916 12:43:01.633" endtime="20250916 12:43:08.292"/>
</kw>
<kw name="Close Browser" library="SeleniumLibrary" type="TEARDOWN">
<doc>Closes the current browser.</doc>
<status status="PASS" starttime="20250916 12:43:08.292" endtime="20250916 12:43:10.696"/>
</kw>
<status status="PASS" starttime="20250916 12:42:52.294" endtime="20250916 12:43:10.696"/>
</test>
<status status="FAIL" starttime="20250916 12:42:05.818" endtime="20250916 12:43:10.699"/>
</suite>
<statistics>
<total>
<stat pass="2" fail="1" skip="0">All Tests</stat>
</total>
<tag>
</tag>
<suite>
<stat pass="2" fail="1" skip="0" id="s1" name="Shop">Shop</stat>
</suite>
</statistics>
<errors>
</errors>
</robot>
